<?xml version="1.0" encoding="UTF-8"?>
<!-- Generated by org.testng.reporters.JUnitReportReporter -->
<testsuite skipped="0" hostname="DESKTOP-N01CLE9" name="pageFactory.VerifyInput" tests="1" failures="0" timestamp="18 Apr 2018 18:45:59 GMT" time="7.243" errors="0">
  <testcase name="inputvalue" time="7.243" classname="pageFactory.VerifyInput"/>
</testsuite> <!-- pageFactory.VerifyInput -->
