<?xml version="1.0" encoding="UTF-8"?>
<!-- Generated by org.testng.reporters.JUnitReportReporter -->
<testsuite skipped="0" hostname="DESKTOP-N01CLE9" name="pageFactory.TableTestCases" tests="5" failures="0" timestamp="21 Apr 2018 15:00:22 GMT" time="23.649" errors="0">
  <testcase name="tablePaginationTest" time="9.030" classname="pageFactory.TableTestCases"/>
  <testcase name="tableSearchBarTest" time="2.948" classname="pageFactory.TableTestCases"/>
  <testcase name="tableFilterTest" time="0.626" classname="pageFactory.TableTestCases"/>
  <testcase name="tablefilterColorTest" time="9.604" classname="pageFactory.TableTestCases"/>
  <testcase name="tableSortTest" time="1.441" classname="pageFactory.TableTestCases"/>
</testsuite> <!-- pageFactory.TableTestCases -->
